2017/09/14 19:29:30 [error] [system.db.CDbCommand] CDbCommand::fetchAll() failed: SQLSTATE[23000]: Integrity constraint violation: 1052 Column 'patient_id' in field list is ambiguous. The SQL statement executed was: SELECT patient_id,visit_id,visit_date,treatment investigate 
                FROM v_bill_payment t1
                INNER JOIN visit t2 ON t1.visit_id=t2.visit_id
                where visit_id=32 LIMIT 10.
2017/09/14 19:29:30 [error] [exception.CDbException] exception 'CDbException' with message 'CDbCommand failed to execute the SQL statement: SQLSTATE[23000]: Integrity constraint violation: 1052 Column 'patient_id' in field list is ambiguous' in /home/vagrant/Code/kh-clinic/framework/db/CDbCommand.php:543
Stack trace:
#0 /home/vagrant/Code/kh-clinic/framework/db/CDbCommand.php(396): CDbCommand->queryInternal('fetchAll', Array, Array)
#1 /home/vagrant/Code/kh-clinic/framework/web/CSqlDataProvider.php(108): CDbCommand->queryAll()
#2 /home/vagrant/Code/kh-clinic/framework/web/CDataProvider.php(168): CSqlDataProvider->fetchData()
#3 /home/vagrant/Code/kh-clinic/framework/zii/widgets/CBaseListView.php(125): CDataProvider->getData()
#4 /home/vagrant/Code/kh-clinic/framework/zii/widgets/grid/CGridView.php(339): CBaseListView->init()
#5 /home/vagrant/Code/kh-clinic/protected/extensions/bootstrap/widgets/TbGridView.php(48): CGridView->init()
#6 /home/vagrant/Code/kh-clinic/protected/extensions/yiiwheels/widgets/grid/WhGridView.php(147): TbGridView->init()
#7 /home/vagrant/Code/kh-clinic/framework/web/CBaseController.php(147): WhGridView->init()
#8 /home/vagrant/Code/kh-clinic/framework/web/CBaseController.php(180): CBaseController->createWidget('yiiwheels.widge...', Array)
#9 /home/vagrant/Code/kh-clinic/protected/views/contact/_visited_detail.php(95): CBaseController->widget('yiiwheels.widge...', Array)
#10 /home/vagrant/Code/kh-clinic/framework/web/CBaseController.php(126): require('/home/vagrant/C...')
#11 /home/vagrant/Code/kh-clinic/framework/web/CBaseController.php(95): CBaseController->renderInternal('/home/vagrant/C...', Array, true)
#12 /home/vagrant/Code/kh-clinic/framework/web/CController.php(869): CBaseController->renderFile('/home/vagrant/C...', Array, true)
#13 /home/vagrant/Code/kh-clinic/protected/controllers/ContactController.php(450): CController->renderPartial('_visited_detail', Array, true, false)
#14 [internal function]: ContactController->actionvisitDetail('32', '4')
#15 /home/vagrant/Code/kh-clinic/framework/web/actions/CAction.php(109): ReflectionMethod->invokeArgs(Object(ContactController), Array)
#16 /home/vagrant/Code/kh-clinic/framework/web/actions/CInlineAction.php(47): CAction->runWithParamsInternal(Object(ContactController), Object(ReflectionMethod), Array)
#17 /home/vagrant/Code/kh-clinic/framework/web/CController.php(308): CInlineAction->runWithParams(Array)
#18 /home/vagrant/Code/kh-clinic/framework/web/filters/CFilterChain.php(133): CController->runAction(Object(CInlineAction))
#19 /home/vagrant/Code/kh-clinic/framework/web/filters/CFilter.php(40): CFilterChain->run()
#20 /home/vagrant/Code/kh-clinic/framework/web/CController.php(1145): CFilter->filter(Object(CFilterChain))
#21 /home/vagrant/Code/kh-clinic/framework/web/filters/CInlineFilter.php(58): CController->filterAccessControl(Object(CFilterChain))
#22 /home/vagrant/Code/kh-clinic/framework/web/filters/CFilterChain.php(130): CInlineFilter->filter(Object(CFilterChain))
#23 /home/vagrant/Code/kh-clinic/framework/web/CController.php(291): CFilterChain->run()
#24 /home/vagrant/Code/kh-clinic/framework/web/CController.php(265): CController->runActionWithFilters(Object(CInlineAction), Array)
#25 /home/vagrant/Code/kh-clinic/framework/web/CWebApplication.php(282): CController->run('visitDetail')
#26 /home/vagrant/Code/kh-clinic/framework/web/CWebApplication.php(141): CWebApplication->runController('contact/visitDe...')
#27 /home/vagrant/Code/kh-clinic/framework/base/CApplication.php(185): CWebApplication->processRequest()
#28 /home/vagrant/Code/kh-clinic/index.php(13): CApplication->run()
#29 {main}
REQUEST_URI=/index.php/contact/visitDetail?visit_id=32&patient_id=4
HTTP_REFERER=http://kh-clinic.app/index.php/appointment/DoctorConsult?visit_id=100&patient_id=4&doctor_id=3
---
2017/09/14 19:29:30 [error] [system.db.CDbCommand] CDbCommand::fetchAll() failed: SQLSTATE[23000]: Integrity constraint violation: 1052 Column 'patient_id' in field list is ambiguous. The SQL statement executed was: SELECT patient_id,visit_id,visit_date,treatment investigate 
                FROM v_bill_payment t1
                INNER JOIN visit t2 ON t1.visit_id=t2.visit_id
                where visit_id=32 LIMIT 10.
2017/09/14 19:29:30 [error] [exception.CDbException] exception 'CDbException' with message 'CDbCommand failed to execute the SQL statement: SQLSTATE[23000]: Integrity constraint violation: 1052 Column 'patient_id' in field list is ambiguous' in /home/vagrant/Code/kh-clinic/framework/db/CDbCommand.php:543
Stack trace:
#0 /home/vagrant/Code/kh-clinic/framework/db/CDbCommand.php(396): CDbCommand->queryInternal('fetchAll', Array, Array)
#1 /home/vagrant/Code/kh-clinic/framework/web/CSqlDataProvider.php(108): CDbCommand->queryAll()
#2 /home/vagrant/Code/kh-clinic/framework/web/CDataProvider.php(168): CSqlDataProvider->fetchData()
#3 /home/vagrant/Code/kh-clinic/framework/zii/widgets/CBaseListView.php(125): CDataProvider->getData()
#4 /home/vagrant/Code/kh-clinic/framework/zii/widgets/grid/CGridView.php(339): CBaseListView->init()
#5 /home/vagrant/Code/kh-clinic/protected/extensions/bootstrap/widgets/TbGridView.php(48): CGridView->init()
#6 /home/vagrant/Code/kh-clinic/protected/extensions/yiiwheels/widgets/grid/WhGridView.php(147): TbGridView->init()
#7 /home/vagrant/Code/kh-clinic/framework/web/CBaseController.php(147): WhGridView->init()
#8 /home/vagrant/Code/kh-clinic/framework/web/CBaseController.php(180): CBaseController->createWidget('yiiwheels.widge...', Array)
#9 /home/vagrant/Code/kh-clinic/protected/views/contact/_visited_detail.php(95): CBaseController->widget('yiiwheels.widge...', Array)
#10 /home/vagrant/Code/kh-clinic/framework/web/CBaseController.php(126): require('/home/vagrant/C...')
#11 /home/vagrant/Code/kh-clinic/framework/web/CBaseController.php(95): CBaseController->renderInternal('/home/vagrant/C...', Array, true)
#12 /home/vagrant/Code/kh-clinic/framework/web/CController.php(869): CBaseController->renderFile('/home/vagrant/C...', Array, true)
#13 /home/vagrant/Code/kh-clinic/protected/controllers/ContactController.php(450): CController->renderPartial('_visited_detail', Array, true, false)
#14 [internal function]: ContactController->actionvisitDetail('32', '4')
#15 /home/vagrant/Code/kh-clinic/framework/web/actions/CAction.php(109): ReflectionMethod->invokeArgs(Object(ContactController), Array)
#16 /home/vagrant/Code/kh-clinic/framework/web/actions/CInlineAction.php(47): CAction->runWithParamsInternal(Object(ContactController), Object(ReflectionMethod), Array)
#17 /home/vagrant/Code/kh-clinic/framework/web/CController.php(308): CInlineAction->runWithParams(Array)
#18 /home/vagrant/Code/kh-clinic/framework/web/filters/CFilterChain.php(133): CController->runAction(Object(CInlineAction))
#19 /home/vagrant/Code/kh-clinic/framework/web/filters/CFilter.php(40): CFilterChain->run()
#20 /home/vagrant/Code/kh-clinic/framework/web/CController.php(1145): CFilter->filter(Object(CFilterChain))
#21 /home/vagrant/Code/kh-clinic/framework/web/filters/CInlineFilter.php(58): CController->filterAccessControl(Object(CFilterChain))
#22 /home/vagrant/Code/kh-clinic/framework/web/filters/CFilterChain.php(130): CInlineFilter->filter(Object(CFilterChain))
#23 /home/vagrant/Code/kh-clinic/framework/web/CController.php(291): CFilterChain->run()
#24 /home/vagrant/Code/kh-clinic/framework/web/CController.php(265): CController->runActionWithFilters(Object(CInlineAction), Array)
#25 /home/vagrant/Code/kh-clinic/framework/web/CWebApplication.php(282): CController->run('visitDetail')
#26 /home/vagrant/Code/kh-clinic/framework/web/CWebApplication.php(141): CWebApplication->runController('contact/visitDe...')
#27 /home/vagrant/Code/kh-clinic/framework/base/CApplication.php(185): CWebApplication->processRequest()
#28 /home/vagrant/Code/kh-clinic/index.php(13): CApplication->run()
#29 {main}
REQUEST_URI=/index.php/contact/visitDetail?visit_id=32&patient_id=4
HTTP_REFERER=http://kh-clinic.app/index.php/appointment/DoctorConsult?visit_id=100&patient_id=4&doctor_id=3
---
2017/09/14 19:32:08 [error] [system.db.CDbCommand] CDbCommand::fetchAll() failed: SQLSTATE[23000]: Integrity constraint violation: 1052 Column 'visit_id' in where clause is ambiguous. The SQL statement executed was: SELECT t1.patient_id,t2.visit_id,visit_date,treatment investigate 
                FROM v_bill_payment t1
                INNER JOIN visit t2 ON t1.visit_id=t2.visit_id
                where visit_id=64 LIMIT 10.
2017/09/14 19:32:08 [error] [exception.CDbException] exception 'CDbException' with message 'CDbCommand failed to execute the SQL statement: SQLSTATE[23000]: Integrity constraint violation: 1052 Column 'visit_id' in where clause is ambiguous' in /home/vagrant/Code/kh-clinic/framework/db/CDbCommand.php:543
Stack trace:
#0 /home/vagrant/Code/kh-clinic/framework/db/CDbCommand.php(396): CDbCommand->queryInternal('fetchAll', Array, Array)
#1 /home/vagrant/Code/kh-clinic/framework/web/CSqlDataProvider.php(108): CDbCommand->queryAll()
#2 /home/vagrant/Code/kh-clinic/framework/web/CDataProvider.php(168): CSqlDataProvider->fetchData()
#3 /home/vagrant/Code/kh-clinic/framework/zii/widgets/CBaseListView.php(125): CDataProvider->getData()
#4 /home/vagrant/Code/kh-clinic/framework/zii/widgets/grid/CGridView.php(339): CBaseListView->init()
#5 /home/vagrant/Code/kh-clinic/protected/extensions/bootstrap/widgets/TbGridView.php(48): CGridView->init()
#6 /home/vagrant/Code/kh-clinic/protected/extensions/yiiwheels/widgets/grid/WhGridView.php(147): TbGridView->init()
#7 /home/vagrant/Code/kh-clinic/framework/web/CBaseController.php(147): WhGridView->init()
#8 /home/vagrant/Code/kh-clinic/framework/web/CBaseController.php(180): CBaseController->createWidget('yiiwheels.widge...', Array)
#9 /home/vagrant/Code/kh-clinic/protected/views/contact/_visited_detail.php(95): CBaseController->widget('yiiwheels.widge...', Array)
#10 /home/vagrant/Code/kh-clinic/framework/web/CBaseController.php(126): require('/home/vagrant/C...')
#11 /home/vagrant/Code/kh-clinic/framework/web/CBaseController.php(95): CBaseController->renderInternal('/home/vagrant/C...', Array, true)
#12 /home/vagrant/Code/kh-clinic/framework/web/CController.php(869): CBaseController->renderFile('/home/vagrant/C...', Array, true)
#13 /home/vagrant/Code/kh-clinic/protected/controllers/ContactController.php(450): CController->renderPartial('_visited_detail', Array, true, false)
#14 [internal function]: ContactController->actionvisitDetail('64', '4')
#15 /home/vagrant/Code/kh-clinic/framework/web/actions/CAction.php(109): ReflectionMethod->invokeArgs(Object(ContactController), Array)
#16 /home/vagrant/Code/kh-clinic/framework/web/actions/CInlineAction.php(47): CAction->runWithParamsInternal(Object(ContactController), Object(ReflectionMethod), Array)
#17 /home/vagrant/Code/kh-clinic/framework/web/CController.php(308): CInlineAction->runWithParams(Array)
#18 /home/vagrant/Code/kh-clinic/framework/web/filters/CFilterChain.php(133): CController->runAction(Object(CInlineAction))
#19 /home/vagrant/Code/kh-clinic/framework/web/filters/CFilter.php(40): CFilterChain->run()
#20 /home/vagrant/Code/kh-clinic/framework/web/CController.php(1145): CFilter->filter(Object(CFilterChain))
#21 /home/vagrant/Code/kh-clinic/framework/web/filters/CInlineFilter.php(58): CController->filterAccessControl(Object(CFilterChain))
#22 /home/vagrant/Code/kh-clinic/framework/web/filters/CFilterChain.php(130): CInlineFilter->filter(Object(CFilterChain))
#23 /home/vagrant/Code/kh-clinic/framework/web/CController.php(291): CFilterChain->run()
#24 /home/vagrant/Code/kh-clinic/framework/web/CController.php(265): CController->runActionWithFilters(Object(CInlineAction), Array)
#25 /home/vagrant/Code/kh-clinic/framework/web/CWebApplication.php(282): CController->run('visitDetail')
#26 /home/vagrant/Code/kh-clinic/framework/web/CWebApplication.php(141): CWebApplication->runController('contact/visitDe...')
#27 /home/vagrant/Code/kh-clinic/framework/base/CApplication.php(185): CWebApplication->processRequest()
#28 /home/vagrant/Code/kh-clinic/index.php(13): CApplication->run()
#29 {main}
REQUEST_URI=/index.php/contact/visitDetail?visit_id=64&patient_id=4
HTTP_REFERER=http://kh-clinic.app/index.php/appointment/DoctorConsult?visit_id=100&patient_id=4&doctor_id=3
---
2017/09/14 19:32:08 [error] [system.db.CDbCommand] CDbCommand::fetchAll() failed: SQLSTATE[23000]: Integrity constraint violation: 1052 Column 'visit_id' in where clause is ambiguous. The SQL statement executed was: SELECT t1.patient_id,t2.visit_id,visit_date,treatment investigate 
                FROM v_bill_payment t1
                INNER JOIN visit t2 ON t1.visit_id=t2.visit_id
                where visit_id=64 LIMIT 10.
2017/09/14 19:32:08 [error] [exception.CDbException] exception 'CDbException' with message 'CDbCommand failed to execute the SQL statement: SQLSTATE[23000]: Integrity constraint violation: 1052 Column 'visit_id' in where clause is ambiguous' in /home/vagrant/Code/kh-clinic/framework/db/CDbCommand.php:543
Stack trace:
#0 /home/vagrant/Code/kh-clinic/framework/db/CDbCommand.php(396): CDbCommand->queryInternal('fetchAll', Array, Array)
#1 /home/vagrant/Code/kh-clinic/framework/web/CSqlDataProvider.php(108): CDbCommand->queryAll()
#2 /home/vagrant/Code/kh-clinic/framework/web/CDataProvider.php(168): CSqlDataProvider->fetchData()
#3 /home/vagrant/Code/kh-clinic/framework/zii/widgets/CBaseListView.php(125): CDataProvider->getData()
#4 /home/vagrant/Code/kh-clinic/framework/zii/widgets/grid/CGridView.php(339): CBaseListView->init()
#5 /home/vagrant/Code/kh-clinic/protected/extensions/bootstrap/widgets/TbGridView.php(48): CGridView->init()
#6 /home/vagrant/Code/kh-clinic/protected/extensions/yiiwheels/widgets/grid/WhGridView.php(147): TbGridView->init()
#7 /home/vagrant/Code/kh-clinic/framework/web/CBaseController.php(147): WhGridView->init()
#8 /home/vagrant/Code/kh-clinic/framework/web/CBaseController.php(180): CBaseController->createWidget('yiiwheels.widge...', Array)
#9 /home/vagrant/Code/kh-clinic/protected/views/contact/_visited_detail.php(95): CBaseController->widget('yiiwheels.widge...', Array)
#10 /home/vagrant/Code/kh-clinic/framework/web/CBaseController.php(126): require('/home/vagrant/C...')
#11 /home/vagrant/Code/kh-clinic/framework/web/CBaseController.php(95): CBaseController->renderInternal('/home/vagrant/C...', Array, true)
#12 /home/vagrant/Code/kh-clinic/framework/web/CController.php(869): CBaseController->renderFile('/home/vagrant/C...', Array, true)
#13 /home/vagrant/Code/kh-clinic/protected/controllers/ContactController.php(450): CController->renderPartial('_visited_detail', Array, true, false)
#14 [internal function]: ContactController->actionvisitDetail('64', '4')
#15 /home/vagrant/Code/kh-clinic/framework/web/actions/CAction.php(109): ReflectionMethod->invokeArgs(Object(ContactController), Array)
#16 /home/vagrant/Code/kh-clinic/framework/web/actions/CInlineAction.php(47): CAction->runWithParamsInternal(Object(ContactController), Object(ReflectionMethod), Array)
#17 /home/vagrant/Code/kh-clinic/framework/web/CController.php(308): CInlineAction->runWithParams(Array)
#18 /home/vagrant/Code/kh-clinic/framework/web/filters/CFilterChain.php(133): CController->runAction(Object(CInlineAction))
#19 /home/vagrant/Code/kh-clinic/framework/web/filters/CFilter.php(40): CFilterChain->run()
#20 /home/vagrant/Code/kh-clinic/framework/web/CController.php(1145): CFilter->filter(Object(CFilterChain))
#21 /home/vagrant/Code/kh-clinic/framework/web/filters/CInlineFilter.php(58): CController->filterAccessControl(Object(CFilterChain))
#22 /home/vagrant/Code/kh-clinic/framework/web/filters/CFilterChain.php(130): CInlineFilter->filter(Object(CFilterChain))
#23 /home/vagrant/Code/kh-clinic/framework/web/CController.php(291): CFilterChain->run()
#24 /home/vagrant/Code/kh-clinic/framework/web/CController.php(265): CController->runActionWithFilters(Object(CInlineAction), Array)
#25 /home/vagrant/Code/kh-clinic/framework/web/CWebApplication.php(282): CController->run('visitDetail')
#26 /home/vagrant/Code/kh-clinic/framework/web/CWebApplication.php(141): CWebApplication->runController('contact/visitDe...')
#27 /home/vagrant/Code/kh-clinic/framework/base/CApplication.php(185): CWebApplication->processRequest()
#28 /home/vagrant/Code/kh-clinic/index.php(13): CApplication->run()
#29 {main}
REQUEST_URI=/index.php/contact/visitDetail?visit_id=64&patient_id=4
HTTP_REFERER=http://kh-clinic.app/index.php/appointment/DoctorConsult?visit_id=100&patient_id=4&doctor_id=3
---
2017/09/14 19:35:16 [error] [exception.CHttpException.404] exception 'CHttpException' with message 'Unable to resolve the request "themes/ace/css/images/ui-bg_flat_75_ffffff_40x100.png".' in /home/vagrant/Code/kh-clinic/framework/web/CWebApplication.php:286
Stack trace:
#0 /home/vagrant/Code/kh-clinic/framework/web/CWebApplication.php(141): CWebApplication->runController('themes/ace/css/...')
#1 /home/vagrant/Code/kh-clinic/framework/base/CApplication.php(185): CWebApplication->processRequest()
#2 /home/vagrant/Code/kh-clinic/index.php(13): CApplication->run()
#3 {main}
REQUEST_URI=/themes/ace/css/images/ui-bg_flat_75_ffffff_40x100.png
HTTP_REFERER=http://kh-clinic.app/themes/ace/css/jquery-ui-1.10.4.custom.min.css
---
2017/09/23 11:08:30 [error] [exception.CHttpException.404] exception 'CHttpException' with message 'Unable to resolve the request "themes/ace/css/images/ui-bg_flat_75_ffffff_40x100.png".' in /home/vagrant/Code/kh-clinic/framework/web/CWebApplication.php:286
Stack trace:
#0 /home/vagrant/Code/kh-clinic/framework/web/CWebApplication.php(141): CWebApplication->runController('themes/ace/css/...')
#1 /home/vagrant/Code/kh-clinic/framework/base/CApplication.php(185): CWebApplication->processRequest()
#2 /home/vagrant/Code/kh-clinic/index.php(13): CApplication->run()
#3 {main}
REQUEST_URI=/themes/ace/css/images/ui-bg_flat_75_ffffff_40x100.png
HTTP_REFERER=http://kh-clinic.app/themes/ace/css/jquery-ui-1.10.4.custom.min.css
---
2017/09/23 11:12:00 [error] [exception.CHttpException.404] exception 'CHttpException' with message 'Unable to resolve the request "themes/ace/css/images/ui-bg_flat_75_ffffff_40x100.png".' in /home/vagrant/Code/kh-clinic/framework/web/CWebApplication.php:286
Stack trace:
#0 /home/vagrant/Code/kh-clinic/framework/web/CWebApplication.php(141): CWebApplication->runController('themes/ace/css/...')
#1 /home/vagrant/Code/kh-clinic/framework/base/CApplication.php(185): CWebApplication->processRequest()
#2 /home/vagrant/Code/kh-clinic/index.php(13): CApplication->run()
#3 {main}
REQUEST_URI=/themes/ace/css/images/ui-bg_flat_75_ffffff_40x100.png
HTTP_REFERER=http://kh-clinic.app/themes/ace/css/jquery-ui-1.10.4.custom.min.css
---
2017/09/23 11:22:31 [error] [exception.CHttpException.404] exception 'CHttpException' with message 'Unable to resolve the request "themes/ace/css/images/ui-bg_flat_75_ffffff_40x100.png".' in /home/vagrant/Code/kh-clinic/framework/web/CWebApplication.php:286
Stack trace:
#0 /home/vagrant/Code/kh-clinic/framework/web/CWebApplication.php(141): CWebApplication->runController('themes/ace/css/...')
#1 /home/vagrant/Code/kh-clinic/framework/base/CApplication.php(185): CWebApplication->processRequest()
#2 /home/vagrant/Code/kh-clinic/index.php(13): CApplication->run()
#3 {main}
REQUEST_URI=/themes/ace/css/images/ui-bg_flat_75_ffffff_40x100.png
HTTP_REFERER=http://kh-clinic.app/themes/ace/css/jquery-ui-1.10.4.custom.min.css
---
2017/09/23 11:22:54 [error] [exception.CHttpException.404] exception 'CHttpException' with message 'Unable to resolve the request "themes/ace/css/images/ui-bg_flat_75_ffffff_40x100.png".' in /home/vagrant/Code/kh-clinic/framework/web/CWebApplication.php:286
Stack trace:
#0 /home/vagrant/Code/kh-clinic/framework/web/CWebApplication.php(141): CWebApplication->runController('themes/ace/css/...')
#1 /home/vagrant/Code/kh-clinic/framework/base/CApplication.php(185): CWebApplication->processRequest()
#2 /home/vagrant/Code/kh-clinic/index.php(13): CApplication->run()
#3 {main}
REQUEST_URI=/themes/ace/css/images/ui-bg_flat_75_ffffff_40x100.png
HTTP_REFERER=http://kh-clinic.app/themes/ace/css/jquery-ui-1.10.4.custom.min.css
---
2017/09/23 11:23:28 [error] [exception.CHttpException.404] exception 'CHttpException' with message 'Unable to resolve the request "themes/ace/css/images/ui-bg_flat_75_ffffff_40x100.png".' in /home/vagrant/Code/kh-clinic/framework/web/CWebApplication.php:286
Stack trace:
#0 /home/vagrant/Code/kh-clinic/framework/web/CWebApplication.php(141): CWebApplication->runController('themes/ace/css/...')
#1 /home/vagrant/Code/kh-clinic/framework/base/CApplication.php(185): CWebApplication->processRequest()
#2 /home/vagrant/Code/kh-clinic/index.php(13): CApplication->run()
#3 {main}
REQUEST_URI=/themes/ace/css/images/ui-bg_flat_75_ffffff_40x100.png
HTTP_REFERER=http://kh-clinic.app/themes/ace/css/jquery-ui-1.10.4.custom.min.css
---
2017/09/23 11:55:19 [error] [exception.CHttpException.403] exception 'CHttpException' with message 'You are not authorized to perform this action.' in /home/vagrant/Code/kh-clinic/framework/web/auth/CAccessControlFilter.php:182
Stack trace:
#0 /home/vagrant/Code/kh-clinic/framework/web/auth/CAccessControlFilter.php(145): CAccessControlFilter->accessDenied(Object(AuthWebUser), 'You are not aut...')
#1 /home/vagrant/Code/kh-clinic/framework/web/filters/CFilter.php(38): CAccessControlFilter->preFilter(Object(CFilterChain))
#2 /home/vagrant/Code/kh-clinic/framework/web/CController.php(1145): CFilter->filter(Object(CFilterChain))
#3 /home/vagrant/Code/kh-clinic/framework/web/filters/CInlineFilter.php(58): CController->filterAccessControl(Object(CFilterChain))
#4 /home/vagrant/Code/kh-clinic/framework/web/filters/CFilterChain.php(130): CInlineFilter->filter(Object(CFilterChain))
#5 /home/vagrant/Code/kh-clinic/framework/web/CController.php(291): CFilterChain->run()
#6 /home/vagrant/Code/kh-clinic/framework/web/CController.php(265): CController->runActionWithFilters(Object(CInlineAction), Array)
#7 /home/vagrant/Code/kh-clinic/framework/web/CWebApplication.php(282): CController->run('LabHis')
#8 /home/vagrant/Code/kh-clinic/framework/web/CWebApplication.php(141): CWebApplication->runController('report/LabHis')
#9 /home/vagrant/Code/kh-clinic/framework/base/CApplication.php(185): CWebApplication->processRequest()
#10 /home/vagrant/Code/kh-clinic/index.php(13): CApplication->run()
#11 {main}
REQUEST_URI=/index.php/report/LabHis
---
2017/09/23 11:55:37 [error] [exception.CException] exception 'CException' with message 'Report and its behaviors do not have a method or closure named "PatientLab".' in /home/vagrant/Code/kh-clinic/framework/base/CComponent.php:266
Stack trace:
#0 /home/vagrant/Code/kh-clinic/protected/controllers/ReportController.php(137): CComponent->__call('PatientLab', Array)
#1 /home/vagrant/Code/kh-clinic/protected/controllers/ReportController.php(137): Report->PatientLab()
#2 /home/vagrant/Code/kh-clinic/framework/web/actions/CInlineAction.php(49): ReportController->actionLabHis()
#3 /home/vagrant/Code/kh-clinic/framework/web/CController.php(308): CInlineAction->runWithParams(Array)
#4 /home/vagrant/Code/kh-clinic/framework/web/filters/CFilterChain.php(133): CController->runAction(Object(CInlineAction))
#5 /home/vagrant/Code/kh-clinic/framework/web/filters/CFilter.php(40): CFilterChain->run()
#6 /home/vagrant/Code/kh-clinic/framework/web/CController.php(1145): CFilter->filter(Object(CFilterChain))
#7 /home/vagrant/Code/kh-clinic/framework/web/filters/CInlineFilter.php(58): CController->filterAccessControl(Object(CFilterChain))
#8 /home/vagrant/Code/kh-clinic/framework/web/filters/CFilterChain.php(130): CInlineFilter->filter(Object(CFilterChain))
#9 /home/vagrant/Code/kh-clinic/framework/web/CController.php(291): CFilterChain->run()
#10 /home/vagrant/Code/kh-clinic/framework/web/CController.php(265): CController->runActionWithFilters(Object(CInlineAction), Array)
#11 /home/vagrant/Code/kh-clinic/framework/web/CWebApplication.php(282): CController->run('LabHis')
#12 /home/vagrant/Code/kh-clinic/framework/web/CWebApplication.php(141): CWebApplication->runController('report/LabHis')
#13 /home/vagrant/Code/kh-clinic/framework/base/CApplication.php(185): CWebApplication->processRequest()
#14 /home/vagrant/Code/kh-clinic/index.php(13): CApplication->run()
#15 {main}
REQUEST_URI=/index.php/report/LabHis
---
2017/09/23 11:56:16 [error] [exception.CException] exception 'CException' with message 'Property "CDbCommand.0" is not defined.' in /home/vagrant/Code/kh-clinic/framework/base/CComponent.php:173
Stack trace:
#0 /home/vagrant/Code/kh-clinic/framework/db/CDbCommand.php(106): CComponent->__set('0', Array)
#1 /home/vagrant/Code/kh-clinic/framework/db/CDbConnection.php(497): CDbCommand->__construct(Object(CDbConnection), Array)
#2 /home/vagrant/Code/kh-clinic/framework/web/CSqlDataProvider.php(80): CDbConnection->createCommand(Array)
#3 /home/vagrant/Code/kh-clinic/framework/web/CDataProvider.php(168): CSqlDataProvider->fetchData()
#4 /home/vagrant/Code/kh-clinic/framework/zii/widgets/CBaseListView.php(125): CDataProvider->getData()
#5 /home/vagrant/Code/kh-clinic/framework/zii/widgets/grid/CGridView.php(339): CBaseListView->init()
#6 /home/vagrant/Code/kh-clinic/protected/extensions/bootstrap/widgets/TbGridView.php(48): CGridView->init()
#7 /home/vagrant/Code/kh-clinic/protected/extensions/yiiwheels/widgets/grid/WhGridView.php(147): TbGridView->init()
#8 /home/vagrant/Code/kh-clinic/protected/extensions/EExcelView/EExcelView.php(104): WhGridView->init()
#9 /home/vagrant/Code/kh-clinic/framework/web/CBaseController.php(147): EExcelView->init()
#10 /home/vagrant/Code/kh-clinic/framework/web/CBaseController.php(180): CBaseController->createWidget('EExcelView', Array)
#11 /home/vagrant/Code/kh-clinic/protected/views/report/partial/_grid.php(12): CBaseController->widget('EExcelView', Array)
#12 /home/vagrant/Code/kh-clinic/framework/web/CBaseController.php(126): require('/home/vagrant/C...')
#13 /home/vagrant/Code/kh-clinic/framework/web/CBaseController.php(95): CBaseController->renderInternal('/home/vagrant/C...', Array, true)
#14 /home/vagrant/Code/kh-clinic/framework/web/CController.php(869): CBaseController->renderFile('/home/vagrant/C...', Array, true)
#15 /home/vagrant/Code/kh-clinic/protected/views/report/index.php(32): CController->renderPartial('partial/_grid', Array)
#16 /home/vagrant/Code/kh-clinic/framework/web/CBaseController.php(126): require('/home/vagrant/C...')
#17 /home/vagrant/Code/kh-clinic/framework/web/CBaseController.php(95): CBaseController->renderInternal('/home/vagrant/C...', Array, true)
#18 /home/vagrant/Code/kh-clinic/framework/web/CController.php(869): CBaseController->renderFile('/home/vagrant/C...', Array, true)
#19 /home/vagrant/Code/kh-clinic/framework/web/CController.php(782): CController->renderPartial('index', Array, true)
#20 /home/vagrant/Code/kh-clinic/protected/controllers/ReportController.php(107): CController->render('index', Array)
#21 /home/vagrant/Code/kh-clinic/protected/controllers/ReportController.php(139): ReportController->renderView(Array)
#22 /home/vagrant/Code/kh-clinic/framework/web/actions/CInlineAction.php(49): ReportController->actionLabHis()
#23 /home/vagrant/Code/kh-clinic/framework/web/CController.php(308): CInlineAction->runWithParams(Array)
#24 /home/vagrant/Code/kh-clinic/framework/web/filters/CFilterChain.php(133): CController->runAction(Object(CInlineAction))
#25 /home/vagrant/Code/kh-clinic/framework/web/filters/CFilter.php(40): CFilterChain->run()
#26 /home/vagrant/Code/kh-clinic/framework/web/CController.php(1145): CFilter->filter(Object(CFilterChain))
#27 /home/vagrant/Code/kh-clinic/framework/web/filters/CInlineFilter.php(58): CController->filterAccessControl(Object(CFilterChain))
#28 /home/vagrant/Code/kh-clinic/framework/web/filters/CFilterChain.php(130): CInlineFilter->filter(Object(CFilterChain))
#29 /home/vagrant/Code/kh-clinic/framework/web/CController.php(291): CFilterChain->run()
#30 /home/vagrant/Code/kh-clinic/framework/web/CController.php(265): CController->runActionWithFilters(Object(CInlineAction), Array)
#31 /home/vagrant/Code/kh-clinic/framework/web/CWebApplication.php(282): CController->run('LabHis')
#32 /home/vagrant/Code/kh-clinic/framework/web/CWebApplication.php(141): CWebApplication->runController('report/LabHis')
#33 /home/vagrant/Code/kh-clinic/framework/base/CApplication.php(185): CWebApplication->processRequest()
#34 /home/vagrant/Code/kh-clinic/index.php(13): CApplication->run()
#35 {main}
REQUEST_URI=/index.php/report/LabHis
---
2017/09/23 11:58:22 [error] [php] Undefined index: visit_id (/home/vagrant/Code/kh-clinic/protected/extensions/yiiwheels/widgets/grid/WhRelationalColumn.php:117)
Stack trace:
#0 /home/vagrant/Code/kh-clinic/framework/zii/widgets/grid/CGridView.php(578): EExcelView->renderTableRow()
#1 /home/vagrant/Code/kh-clinic/framework/zii/widgets/grid/CGridView.php(488): EExcelView->renderTableBody()
#2 /home/vagrant/Code/kh-clinic/framework/zii/widgets/CBaseListView.php(181): EExcelView->renderItems()
#3 unknown(0): EExcelView->renderSection()
#4 /home/vagrant/Code/kh-clinic/framework/zii/widgets/CBaseListView.php(164): preg_replace_callback()
#5 /home/vagrant/Code/kh-clinic/protected/extensions/yiiwheels/widgets/grid/WhGridView.php(155): EExcelView->renderContent()
#6 /home/vagrant/Code/kh-clinic/framework/zii/widgets/CBaseListView.php(149): EExcelView->renderContent()
#7 /home/vagrant/Code/kh-clinic/protected/extensions/EExcelView/EExcelView.php(223): EExcelView->run()
#8 /home/vagrant/Code/kh-clinic/framework/web/CBaseController.php(181): EExcelView->run()
#9 /home/vagrant/Code/kh-clinic/protected/views/report/partial/_grid.php(12): ReportController->widget()
#10 /home/vagrant/Code/kh-clinic/framework/web/CBaseController.php(126): require()
#11 /home/vagrant/Code/kh-clinic/framework/web/CBaseController.php(95): ReportController->renderInternal()
#12 /home/vagrant/Code/kh-clinic/framework/web/CController.php(869): ReportController->renderFile()
#13 /home/vagrant/Code/kh-clinic/protected/views/report/index.php(32): ReportController->renderPartial()
#14 /home/vagrant/Code/kh-clinic/framework/web/CBaseController.php(126): require()
#15 /home/vagrant/Code/kh-clinic/framework/web/CBaseController.php(95): ReportController->renderInternal()
#16 /home/vagrant/Code/kh-clinic/framework/web/CController.php(869): ReportController->renderFile()
#17 /home/vagrant/Code/kh-clinic/framework/web/CController.php(782): ReportController->renderPartial()
#18 /home/vagrant/Code/kh-clinic/protected/controllers/ReportController.php(107): ReportController->render()
#19 /home/vagrant/Code/kh-clinic/protected/controllers/ReportController.php(139): ReportController->renderView()
#20 /home/vagrant/Code/kh-clinic/framework/web/actions/CInlineAction.php(49): ReportController->actionLabHis()
#21 /home/vagrant/Code/kh-clinic/framework/web/CController.php(308): CInlineAction->runWithParams()
#22 /home/vagrant/Code/kh-clinic/framework/web/filters/CFilterChain.php(133): ReportController->runAction()
#23 /home/vagrant/Code/kh-clinic/framework/web/filters/CFilter.php(40): CFilterChain->run()
#24 /home/vagrant/Code/kh-clinic/framework/web/CController.php(1145): CAccessControlFilter->filter()
#25 /home/vagrant/Code/kh-clinic/framework/web/filters/CInlineFilter.php(58): ReportController->filterAccessControl()
#26 /home/vagrant/Code/kh-clinic/framework/web/filters/CFilterChain.php(130): CInlineFilter->filter()
#27 /home/vagrant/Code/kh-clinic/framework/web/CController.php(291): CFilterChain->run()
#28 /home/vagrant/Code/kh-clinic/framework/web/CController.php(265): ReportController->runActionWithFilters()
#29 /home/vagrant/Code/kh-clinic/framework/web/CWebApplication.php(282): ReportController->run()
#30 /home/vagrant/Code/kh-clinic/framework/web/CWebApplication.php(141): CWebApplication->runController()
#31 /home/vagrant/Code/kh-clinic/framework/base/CApplication.php(185): CWebApplication->processRequest()
#32 /home/vagrant/Code/kh-clinic/index.php(13): CWebApplication->run()
REQUEST_URI=/index.php/report/LabHis
2017/09/23 11:59:39 [error] [php] Undefined index: visit_id (/home/vagrant/Code/kh-clinic/framework/base/CComponent.php(612) : eval()'d code:1)
Stack trace:
#0 /home/vagrant/Code/kh-clinic/framework/zii/widgets/grid/CGridColumn.php(231): WhRelationalColumn->getDataCellContent()
#1 /home/vagrant/Code/kh-clinic/protected/extensions/yiiwheels/widgets/grid/WhRelationalColumn.php(96): WhRelationalColumn->renderDataCellContent()
#2 /home/vagrant/Code/kh-clinic/protected/extensions/yiiwheels/widgets/grid/WhGridView.php(273): WhRelationalColumn->renderDataCell()
#3 /home/vagrant/Code/kh-clinic/framework/zii/widgets/grid/CGridView.php(578): EExcelView->renderTableRow()
#4 /home/vagrant/Code/kh-clinic/framework/zii/widgets/grid/CGridView.php(488): EExcelView->renderTableBody()
#5 /home/vagrant/Code/kh-clinic/framework/zii/widgets/CBaseListView.php(181): EExcelView->renderItems()
#6 unknown(0): EExcelView->renderSection()
#7 /home/vagrant/Code/kh-clinic/framework/zii/widgets/CBaseListView.php(164): preg_replace_callback()
#8 /home/vagrant/Code/kh-clinic/protected/extensions/yiiwheels/widgets/grid/WhGridView.php(155): EExcelView->renderContent()
#9 /home/vagrant/Code/kh-clinic/framework/zii/widgets/CBaseListView.php(149): EExcelView->renderContent()
#10 /home/vagrant/Code/kh-clinic/protected/extensions/EExcelView/EExcelView.php(223): EExcelView->run()
#11 /home/vagrant/Code/kh-clinic/framework/web/CBaseController.php(181): EExcelView->run()
#12 /home/vagrant/Code/kh-clinic/protected/views/report/partial/_grid.php(12): ReportController->widget()
#13 /home/vagrant/Code/kh-clinic/framework/web/CBaseController.php(126): require()
#14 /home/vagrant/Code/kh-clinic/framework/web/CBaseController.php(95): ReportController->renderInternal()
#15 /home/vagrant/Code/kh-clinic/framework/web/CController.php(869): ReportController->renderFile()
#16 /home/vagrant/Code/kh-clinic/protected/views/report/index.php(32): ReportController->renderPartial()
#17 /home/vagrant/Code/kh-clinic/framework/web/CBaseController.php(126): require()
#18 /home/vagrant/Code/kh-clinic/framework/web/CBaseController.php(95): ReportController->renderInternal()
#19 /home/vagrant/Code/kh-clinic/framework/web/CController.php(869): ReportController->renderFile()
#20 /home/vagrant/Code/kh-clinic/framework/web/CController.php(782): ReportController->renderPartial()
#21 /home/vagrant/Code/kh-clinic/protected/controllers/ReportController.php(107): ReportController->render()
#22 /home/vagrant/Code/kh-clinic/protected/controllers/ReportController.php(139): ReportController->renderView()
#23 /home/vagrant/Code/kh-clinic/framework/web/actions/CInlineAction.php(49): ReportController->actionLabHis()
#24 /home/vagrant/Code/kh-clinic/framework/web/CController.php(308): CInlineAction->runWithParams()
#25 /home/vagrant/Code/kh-clinic/framework/web/filters/CFilterChain.php(133): ReportController->runAction()
#26 /home/vagrant/Code/kh-clinic/framework/web/filters/CFilter.php(40): CFilterChain->run()
#27 /home/vagrant/Code/kh-clinic/framework/web/CController.php(1145): CAccessControlFilter->filter()
#28 /home/vagrant/Code/kh-clinic/framework/web/filters/CInlineFilter.php(58): ReportController->filterAccessControl()
#29 /home/vagrant/Code/kh-clinic/framework/web/filters/CFilterChain.php(130): CInlineFilter->filter()
#30 /home/vagrant/Code/kh-clinic/framework/web/CController.php(291): CFilterChain->run()
#31 /home/vagrant/Code/kh-clinic/framework/web/CController.php(265): ReportController->runActionWithFilters()
#32 /home/vagrant/Code/kh-clinic/framework/web/CWebApplication.php(282): ReportController->run()
#33 /home/vagrant/Code/kh-clinic/framework/web/CWebApplication.php(141): CWebApplication->runController()
#34 /home/vagrant/Code/kh-clinic/framework/base/CApplication.php(185): CWebApplication->processRequest()
#35 /home/vagrant/Code/kh-clinic/index.php(13): CWebApplication->run()
REQUEST_URI=/index.php/report/LabHis
2017/09/23 12:00:04 [error] [php] Undefined index: visit_id (/home/vagrant/Code/kh-clinic/protected/extensions/yiiwheels/widgets/grid/WhRelationalColumn.php:117)
Stack trace:
#0 /home/vagrant/Code/kh-clinic/framework/zii/widgets/grid/CGridView.php(578): EExcelView->renderTableRow()
#1 /home/vagrant/Code/kh-clinic/framework/zii/widgets/grid/CGridView.php(488): EExcelView->renderTableBody()
#2 /home/vagrant/Code/kh-clinic/framework/zii/widgets/CBaseListView.php(181): EExcelView->renderItems()
#3 unknown(0): EExcelView->renderSection()
#4 /home/vagrant/Code/kh-clinic/framework/zii/widgets/CBaseListView.php(164): preg_replace_callback()
#5 /home/vagrant/Code/kh-clinic/protected/extensions/yiiwheels/widgets/grid/WhGridView.php(155): EExcelView->renderContent()
#6 /home/vagrant/Code/kh-clinic/framework/zii/widgets/CBaseListView.php(149): EExcelView->renderContent()
#7 /home/vagrant/Code/kh-clinic/protected/extensions/EExcelView/EExcelView.php(223): EExcelView->run()
#8 /home/vagrant/Code/kh-clinic/framework/web/CBaseController.php(181): EExcelView->run()
#9 /home/vagrant/Code/kh-clinic/protected/views/report/partial/_grid.php(12): ReportController->widget()
#10 /home/vagrant/Code/kh-clinic/framework/web/CBaseController.php(126): require()
#11 /home/vagrant/Code/kh-clinic/framework/web/CBaseController.php(95): ReportController->renderInternal()
#12 /home/vagrant/Code/kh-clinic/framework/web/CController.php(869): ReportController->renderFile()
#13 /home/vagrant/Code/kh-clinic/protected/views/report/index.php(32): ReportController->renderPartial()
#14 /home/vagrant/Code/kh-clinic/framework/web/CBaseController.php(126): require()
#15 /home/vagrant/Code/kh-clinic/framework/web/CBaseController.php(95): ReportController->renderInternal()
#16 /home/vagrant/Code/kh-clinic/framework/web/CController.php(869): ReportController->renderFile()
#17 /home/vagrant/Code/kh-clinic/framework/web/CController.php(782): ReportController->renderPartial()
#18 /home/vagrant/Code/kh-clinic/protected/controllers/ReportController.php(107): ReportController->render()
#19 /home/vagrant/Code/kh-clinic/protected/controllers/ReportController.php(139): ReportController->renderView()
#20 /home/vagrant/Code/kh-clinic/framework/web/actions/CInlineAction.php(49): ReportController->actionLabHis()
#21 /home/vagrant/Code/kh-clinic/framework/web/CController.php(308): CInlineAction->runWithParams()
#22 /home/vagrant/Code/kh-clinic/framework/web/filters/CFilterChain.php(133): ReportController->runAction()
#23 /home/vagrant/Code/kh-clinic/framework/web/filters/CFilter.php(40): CFilterChain->run()
#24 /home/vagrant/Code/kh-clinic/framework/web/CController.php(1145): CAccessControlFilter->filter()
#25 /home/vagrant/Code/kh-clinic/framework/web/filters/CInlineFilter.php(58): ReportController->filterAccessControl()
#26 /home/vagrant/Code/kh-clinic/framework/web/filters/CFilterChain.php(130): CInlineFilter->filter()
#27 /home/vagrant/Code/kh-clinic/framework/web/CController.php(291): CFilterChain->run()
#28 /home/vagrant/Code/kh-clinic/framework/web/CController.php(265): ReportController->runActionWithFilters()
#29 /home/vagrant/Code/kh-clinic/framework/web/CWebApplication.php(282): ReportController->run()
#30 /home/vagrant/Code/kh-clinic/framework/web/CWebApplication.php(141): CWebApplication->runController()
#31 /home/vagrant/Code/kh-clinic/framework/base/CApplication.php(185): CWebApplication->processRequest()
#32 /home/vagrant/Code/kh-clinic/index.php(13): CWebApplication->run()
REQUEST_URI=/index.php/report/LabHis
2017/09/23 12:01:00 [error] [php] Undefined index: visit_id (/home/vagrant/Code/kh-clinic/framework/base/CComponent.php(612) : eval()'d code:1)
Stack trace:
#0 /home/vagrant/Code/kh-clinic/framework/zii/widgets/grid/CGridColumn.php(231): WhRelationalColumn->getDataCellContent()
#1 /home/vagrant/Code/kh-clinic/protected/extensions/yiiwheels/widgets/grid/WhRelationalColumn.php(96): WhRelationalColumn->renderDataCellContent()
#2 /home/vagrant/Code/kh-clinic/protected/extensions/yiiwheels/widgets/grid/WhGridView.php(273): WhRelationalColumn->renderDataCell()
#3 /home/vagrant/Code/kh-clinic/framework/zii/widgets/grid/CGridView.php(578): EExcelView->renderTableRow()
#4 /home/vagrant/Code/kh-clinic/framework/zii/widgets/grid/CGridView.php(488): EExcelView->renderTableBody()
#5 /home/vagrant/Code/kh-clinic/framework/zii/widgets/CBaseListView.php(181): EExcelView->renderItems()
#6 unknown(0): EExcelView->renderSection()
#7 /home/vagrant/Code/kh-clinic/framework/zii/widgets/CBaseListView.php(164): preg_replace_callback()
#8 /home/vagrant/Code/kh-clinic/protected/extensions/yiiwheels/widgets/grid/WhGridView.php(155): EExcelView->renderContent()
#9 /home/vagrant/Code/kh-clinic/framework/zii/widgets/CBaseListView.php(149): EExcelView->renderContent()
#10 /home/vagrant/Code/kh-clinic/protected/extensions/EExcelView/EExcelView.php(223): EExcelView->run()
#11 /home/vagrant/Code/kh-clinic/framework/web/CBaseController.php(181): EExcelView->run()
#12 /home/vagrant/Code/kh-clinic/protected/views/report/partial/_grid.php(12): ReportController->widget()
#13 /home/vagrant/Code/kh-clinic/framework/web/CBaseController.php(126): require()
#14 /home/vagrant/Code/kh-clinic/framework/web/CBaseController.php(95): ReportController->renderInternal()
#15 /home/vagrant/Code/kh-clinic/framework/web/CController.php(869): ReportController->renderFile()
#16 /home/vagrant/Code/kh-clinic/protected/views/report/index.php(32): ReportController->renderPartial()
#17 /home/vagrant/Code/kh-clinic/framework/web/CBaseController.php(126): require()
#18 /home/vagrant/Code/kh-clinic/framework/web/CBaseController.php(95): ReportController->renderInternal()
#19 /home/vagrant/Code/kh-clinic/framework/web/CController.php(869): ReportController->renderFile()
#20 /home/vagrant/Code/kh-clinic/framework/web/CController.php(782): ReportController->renderPartial()
#21 /home/vagrant/Code/kh-clinic/protected/controllers/ReportController.php(107): ReportController->render()
#22 /home/vagrant/Code/kh-clinic/protected/controllers/ReportController.php(139): ReportController->renderView()
#23 /home/vagrant/Code/kh-clinic/framework/web/actions/CInlineAction.php(49): ReportController->actionLabHis()
#24 /home/vagrant/Code/kh-clinic/framework/web/CController.php(308): CInlineAction->runWithParams()
#25 /home/vagrant/Code/kh-clinic/framework/web/filters/CFilterChain.php(133): ReportController->runAction()
#26 /home/vagrant/Code/kh-clinic/framework/web/filters/CFilter.php(40): CFilterChain->run()
#27 /home/vagrant/Code/kh-clinic/framework/web/CController.php(1145): CAccessControlFilter->filter()
#28 /home/vagrant/Code/kh-clinic/framework/web/filters/CInlineFilter.php(58): ReportController->filterAccessControl()
#29 /home/vagrant/Code/kh-clinic/framework/web/filters/CFilterChain.php(130): CInlineFilter->filter()
#30 /home/vagrant/Code/kh-clinic/framework/web/CController.php(291): CFilterChain->run()
#31 /home/vagrant/Code/kh-clinic/framework/web/CController.php(265): ReportController->runActionWithFilters()
#32 /home/vagrant/Code/kh-clinic/framework/web/CWebApplication.php(282): ReportController->run()
#33 /home/vagrant/Code/kh-clinic/framework/web/CWebApplication.php(141): CWebApplication->runController()
#34 /home/vagrant/Code/kh-clinic/framework/base/CApplication.php(185): CWebApplication->processRequest()
#35 /home/vagrant/Code/kh-clinic/index.php(13): CWebApplication->run()
REQUEST_URI=/index.php/report/LabHis
2017/09/23 12:03:01 [error] [exception.CHttpException.404] exception 'CHttpException' with message 'Unable to resolve the request "themes/ace/css/images/ui-bg_flat_75_ffffff_40x100.png".' in /home/vagrant/Code/kh-clinic/framework/web/CWebApplication.php:286
Stack trace:
#0 /home/vagrant/Code/kh-clinic/framework/web/CWebApplication.php(141): CWebApplication->runController('themes/ace/css/...')
#1 /home/vagrant/Code/kh-clinic/framework/base/CApplication.php(185): CWebApplication->processRequest()
#2 /home/vagrant/Code/kh-clinic/index.php(13): CApplication->run()
#3 {main}
REQUEST_URI=/themes/ace/css/images/ui-bg_flat_75_ffffff_40x100.png
HTTP_REFERER=http://kh-clinic.app/themes/ace/css/jquery-ui-1.10.4.custom.min.css
---
2017/09/23 12:06:13 [error] [exception.CHttpException.404] exception 'CHttpException' with message 'Unable to resolve the request "themes/ace/css/images/ui-bg_flat_75_ffffff_40x100.png".' in /home/vagrant/Code/kh-clinic/framework/web/CWebApplication.php:286
Stack trace:
#0 /home/vagrant/Code/kh-clinic/framework/web/CWebApplication.php(141): CWebApplication->runController('themes/ace/css/...')
#1 /home/vagrant/Code/kh-clinic/framework/base/CApplication.php(185): CWebApplication->processRequest()
#2 /home/vagrant/Code/kh-clinic/index.php(13): CApplication->run()
#3 {main}
REQUEST_URI=/themes/ace/css/images/ui-bg_flat_75_ffffff_40x100.png
HTTP_REFERER=http://kh-clinic.app/themes/ace/css/jquery-ui-1.10.4.custom.min.css
---
2017/09/23 12:06:36 [error] [exception.CHttpException.404] exception 'CHttpException' with message 'Unable to resolve the request "themes/ace/css/images/ui-bg_flat_75_ffffff_40x100.png".' in /home/vagrant/Code/kh-clinic/framework/web/CWebApplication.php:286
Stack trace:
#0 /home/vagrant/Code/kh-clinic/framework/web/CWebApplication.php(141): CWebApplication->runController('themes/ace/css/...')
#1 /home/vagrant/Code/kh-clinic/framework/base/CApplication.php(185): CWebApplication->processRequest()
#2 /home/vagrant/Code/kh-clinic/index.php(13): CApplication->run()
#3 {main}
REQUEST_URI=/themes/ace/css/images/ui-bg_flat_75_ffffff_40x100.png
HTTP_REFERER=http://kh-clinic.app/themes/ace/css/jquery-ui-1.10.4.custom.min.css
---
2017/09/23 12:07:16 [error] [exception.CHttpException.404] exception 'CHttpException' with message 'Unable to resolve the request "themes/ace/css/images/ui-bg_flat_75_ffffff_40x100.png".' in /home/vagrant/Code/kh-clinic/framework/web/CWebApplication.php:286
Stack trace:
#0 /home/vagrant/Code/kh-clinic/framework/web/CWebApplication.php(141): CWebApplication->runController('themes/ace/css/...')
#1 /home/vagrant/Code/kh-clinic/framework/base/CApplication.php(185): CWebApplication->processRequest()
#2 /home/vagrant/Code/kh-clinic/index.php(13): CApplication->run()
#3 {main}
REQUEST_URI=/themes/ace/css/images/ui-bg_flat_75_ffffff_40x100.png
HTTP_REFERER=http://kh-clinic.app/themes/ace/css/jquery-ui-1.10.4.custom.min.css
---
2017/09/23 12:07:58 [error] [exception.CHttpException.404] exception 'CHttpException' with message 'Unable to resolve the request "themes/ace/css/images/ui-bg_flat_75_ffffff_40x100.png".' in /home/vagrant/Code/kh-clinic/framework/web/CWebApplication.php:286
Stack trace:
#0 /home/vagrant/Code/kh-clinic/framework/web/CWebApplication.php(141): CWebApplication->runController('themes/ace/css/...')
#1 /home/vagrant/Code/kh-clinic/framework/base/CApplication.php(185): CWebApplication->processRequest()
#2 /home/vagrant/Code/kh-clinic/index.php(13): CApplication->run()
#3 {main}
REQUEST_URI=/themes/ace/css/images/ui-bg_flat_75_ffffff_40x100.png
HTTP_REFERER=http://kh-clinic.app/themes/ace/css/jquery-ui-1.10.4.custom.min.css
---
2017/09/23 12:14:34 [error] [exception.CHttpException.404] exception 'CHttpException' with message 'Unable to resolve the request "themes/ace/css/images/ui-bg_flat_75_ffffff_40x100.png".' in /home/vagrant/Code/kh-clinic/framework/web/CWebApplication.php:286
Stack trace:
#0 /home/vagrant/Code/kh-clinic/framework/web/CWebApplication.php(141): CWebApplication->runController('themes/ace/css/...')
#1 /home/vagrant/Code/kh-clinic/framework/base/CApplication.php(185): CWebApplication->processRequest()
#2 /home/vagrant/Code/kh-clinic/index.php(13): CApplication->run()
#3 {main}
REQUEST_URI=/themes/ace/css/images/ui-bg_flat_75_ffffff_40x100.png
HTTP_REFERER=http://kh-clinic.app/themes/ace/css/jquery-ui-1.10.4.custom.min.css
---
2017/09/23 12:15:24 [error] [exception.CHttpException.404] exception 'CHttpException' with message 'Unable to resolve the request "themes/ace/css/images/ui-bg_flat_75_ffffff_40x100.png".' in /home/vagrant/Code/kh-clinic/framework/web/CWebApplication.php:286
Stack trace:
#0 /home/vagrant/Code/kh-clinic/framework/web/CWebApplication.php(141): CWebApplication->runController('themes/ace/css/...')
#1 /home/vagrant/Code/kh-clinic/framework/base/CApplication.php(185): CWebApplication->processRequest()
#2 /home/vagrant/Code/kh-clinic/index.php(13): CApplication->run()
#3 {main}
REQUEST_URI=/themes/ace/css/images/ui-bg_flat_75_ffffff_40x100.png
HTTP_REFERER=http://kh-clinic.app/themes/ace/css/jquery-ui-1.10.4.custom.min.css
---
